{"/home/agent-qa-engineer-2/appdev-1/apps/backend/src/lib/health.ts": {"path":"/home/agent-qa-engineer-2/appdev-1/apps/backend/src/lib/health.ts","all":false,"statementMap":{"0":{"start":{"line":1,"column":0},"end":{"line":1,"column":34}},"1":{"start":{"line":2,"column":0},"end":{"line":2,"column":52}},"2":{"start":{"line":3,"column":0},"end":{"line":3,"column":2}}},"s":{"0":1,"1":1,"2":1},"branchMap":{"0":{"type":"branch","line":1,"loc":{"start":{"line":1,"column":27},"end":{"line":3,"column":2}},"locations":[{"start":{"line":1,"column":27},"end":{"line":3,"column":2}}]}},"b":{"0":[1]},"fnMap":{"0":{"name":"checkHealth","decl":{"start":{"line":1,"column":27},"end":{"line":3,"column":2}},"loc":{"start":{"line":1,"column":27},"end":{"line":3,"column":2}},"line":1}},"f":{"0":1}}
,"/home/agent-qa-engineer-2/appdev-1/apps/frontend/src/components/Sample.ts": {"path":"/home/agent-qa-engineer-2/appdev-1/apps/frontend/src/components/Sample.ts","all":false,"statementMap":{"0":{"start":{"line":1,"column":0},"end":{"line":1,"column":50}},"1":{"start":{"line":2,"column":0},"end":{"line":2,"column":38}},"2":{"start":{"line":3,"column":0},"end":{"line":3,"column":2}}},"s":{"0":1,"1":1,"2":1},"branchMap":{"0":{"type":"branch","line":1,"loc":{"start":{"line":1,"column":31},"end":{"line":3,"column":2}},"locations":[{"start":{"line":1,"column":31},"end":{"line":3,"column":2}}]}},"b":{"0":[1]},"fnMap":{"0":{"name":"renderComponent","decl":{"start":{"line":1,"column":31},"end":{"line":3,"column":2}},"loc":{"start":{"line":1,"column":31},"end":{"line":3,"column":2}},"line":1}},"f":{"0":1}}
}
